<?xml version="1.0" encoding="UTF-8"?>
<robot generator="Robot 4.1.3 (Python 3.8.7 on win32)" generated="20220113 23:26:05.581" rpa="false" schemaversion="2">
<suite id="s1" name="Example" source="C:\Users\sandr\Desktop\DEV\simple-flask-heroku\tests\example.robot">
<kw name="Open Browser To Login Page" library="resource" type="SETUP">
<kw name="Create Webdriver" library="SeleniumLibrary">
<arg>${BROWSER}</arg>
<arg>executable_path=C:\\Users\\sandr\\AppData\\Local\\rasjani\\WebDriverManager\\chrome\\97.0.4692.71\\chromedriver_win32\\chromedriver.exe</arg>
<doc>Creates an instance of Selenium WebDriver.</doc>
<msg timestamp="20220113 23:26:06.273" level="INFO">Creating an instance of the Chrome WebDriver.</msg>
<status status="PASS" starttime="20220113 23:26:06.272" endtime="20220113 23:26:09.498"/>
</kw>
<kw name="Go To" library="SeleniumLibrary">
<arg>${LOGIN URL}</arg>
<doc>Navigates the current browser window to the provided ``url``.</doc>
<msg timestamp="20220113 23:26:09.499" level="INFO">Opening url 'http://localhost:5000/'</msg>
<status status="PASS" starttime="20220113 23:26:09.498" endtime="20220113 23:26:11.587"/>
</kw>
<kw name="Maximize Browser Window" library="SeleniumLibrary">
<doc>Maximizes current browser window.</doc>
<status status="PASS" starttime="20220113 23:26:11.588" endtime="20220113 23:26:12.899"/>
</kw>
<kw name="Set Selenium Speed" library="SeleniumLibrary">
<arg>${DELAY}</arg>
<doc>Sets the delay that is waited after each Selenium command.</doc>
<status status="PASS" starttime="20220113 23:26:12.900" endtime="20220113 23:26:12.901"/>
</kw>
<kw name="Login Page Should Be Open" library="resource">
<kw name="Title Should Be" library="SeleniumLibrary">
<arg>Login Page</arg>
<doc>Verifies that the current page title equals ``title``.</doc>
<msg timestamp="20220113 23:26:13.074" level="INFO">Page title is 'Login Page'.</msg>
<status status="PASS" starttime="20220113 23:26:12.902" endtime="20220113 23:26:13.074"/>
</kw>
<status status="PASS" starttime="20220113 23:26:12.901" endtime="20220113 23:26:13.074"/>
</kw>
<status status="PASS" starttime="20220113 23:26:06.271" endtime="20220113 23:26:13.075"/>
</kw>
<test id="s1-t1" name="Alert Should Not Be Shown On Start">
<kw name="Go To Example Page" library="resource" type="SETUP">
<kw name="Go To" library="SeleniumLibrary">
<arg>${EXAMPLE URL}</arg>
<doc>Navigates the current browser window to the provided ``url``.</doc>
<msg timestamp="20220113 23:26:13.089" level="INFO">Opening url 'http://localhost:5000/example'</msg>
<status status="PASS" starttime="20220113 23:26:13.088" endtime="20220113 23:26:13.771"/>
</kw>
<status status="PASS" starttime="20220113 23:26:13.087" endtime="20220113 23:26:13.771"/>
</kw>
<kw name="Alert Should Not Be Present" library="SeleniumLibrary">
<doc>Verifies that no alert is present.</doc>
<status status="PASS" starttime="20220113 23:26:13.790" endtime="20220113 23:26:18.931"/>
</kw>
<status status="PASS" starttime="20220113 23:26:13.075" endtime="20220113 23:26:18.933"/>
</test>
<test id="s1-t2" name="Alert Should Be Shown When Prompted">
<kw name="Go To Example Page" library="resource" type="SETUP">
<kw name="Go To" library="SeleniumLibrary">
<arg>${EXAMPLE URL}</arg>
<doc>Navigates the current browser window to the provided ``url``.</doc>
<msg timestamp="20220113 23:26:18.939" level="INFO">Opening url 'http://localhost:5000/example'</msg>
<status status="PASS" starttime="20220113 23:26:18.938" endtime="20220113 23:26:19.572"/>
</kw>
<status status="PASS" starttime="20220113 23:26:18.937" endtime="20220113 23:26:19.573"/>
</kw>
<kw name="Click Button" library="SeleniumLibrary">
<arg>showAlert</arg>
<doc>Clicks the button identified by ``locator``.</doc>
<msg timestamp="20220113 23:26:19.574" level="INFO">Clicking button 'showAlert'.</msg>
<status status="PASS" starttime="20220113 23:26:19.573" endtime="20220113 23:26:19.754"/>
</kw>
<kw name="Alert Should Be Present" library="SeleniumLibrary">
<doc>Verifies that an alert is present and by default, accepts it.</doc>
<msg timestamp="20220113 23:26:19.756" level="INFO">HANDLE::&lt;class 'NoneType'&gt;::None</msg>
<status status="PASS" starttime="20220113 23:26:19.756" endtime="20220113 23:26:19.776"/>
</kw>
<status status="PASS" starttime="20220113 23:26:18.936" endtime="20220113 23:26:19.777"/>
</test>
<test id="s1-t3" name="Alert Should Show Correct Text">
<kw name="Go To Example Page" library="resource" type="SETUP">
<kw name="Go To" library="SeleniumLibrary">
<arg>${EXAMPLE URL}</arg>
<doc>Navigates the current browser window to the provided ``url``.</doc>
<msg timestamp="20220113 23:26:19.785" level="INFO">Opening url 'http://localhost:5000/example'</msg>
<status status="PASS" starttime="20220113 23:26:19.784" endtime="20220113 23:26:20.393"/>
</kw>
<status status="PASS" starttime="20220113 23:26:19.783" endtime="20220113 23:26:20.393"/>
</kw>
<kw name="Click Button" library="SeleniumLibrary">
<arg>showAlert</arg>
<doc>Clicks the button identified by ``locator``.</doc>
<msg timestamp="20220113 23:26:20.395" level="INFO">Clicking button 'showAlert'.</msg>
<status status="PASS" starttime="20220113 23:26:20.394" endtime="20220113 23:26:20.483"/>
</kw>
<kw name="Alert Text Should Match">
<arg>${AlertText}</arg>
<kw name="Handle Alert" library="SeleniumLibrary">
<var>${message}</var>
<doc>Handles the current alert and returns its message.</doc>
<msg timestamp="20220113 23:26:20.486" level="INFO">HANDLE::&lt;class 'NoneType'&gt;::None</msg>
<msg timestamp="20220113 23:26:20.501" level="INFO">${message} = showing alert</msg>
<status status="PASS" starttime="20220113 23:26:20.486" endtime="20220113 23:26:20.501"/>
</kw>
<kw name="Should Be Equal As Strings" library="BuiltIn">
<arg>${message}</arg>
<arg>${givenText}</arg>
<doc>Fails if objects are unequal after converting them to strings.</doc>
<status status="PASS" starttime="20220113 23:26:20.502" endtime="20220113 23:26:20.502"/>
</kw>
<status status="PASS" starttime="20220113 23:26:20.484" endtime="20220113 23:26:20.503"/>
</kw>
<status status="PASS" starttime="20220113 23:26:19.782" endtime="20220113 23:26:20.503"/>
</test>
<test id="s1-t4" name="Prompt Should Show Acceptance Message">
<kw name="Go To Example Page" library="resource" type="SETUP">
<kw name="Go To" library="SeleniumLibrary">
<arg>${EXAMPLE URL}</arg>
<doc>Navigates the current browser window to the provided ``url``.</doc>
<msg timestamp="20220113 23:26:20.510" level="INFO">Opening url 'http://localhost:5000/example'</msg>
<status status="PASS" starttime="20220113 23:26:20.509" endtime="20220113 23:26:21.124"/>
</kw>
<status status="PASS" starttime="20220113 23:26:20.508" endtime="20220113 23:26:21.125"/>
</kw>
<kw name="Click Button" library="SeleniumLibrary">
<arg>showPrompt</arg>
<doc>Clicks the button identified by ``locator``.</doc>
<msg timestamp="20220113 23:26:21.126" level="INFO">Clicking button 'showPrompt'.</msg>
<status status="PASS" starttime="20220113 23:26:21.125" endtime="20220113 23:26:21.257"/>
</kw>
<kw name="Input Text Into Alert" library="SeleniumLibrary">
<arg>${number}</arg>
<arg>action=ACCEPT</arg>
<doc>Types the given ``text`` into an input field in an alert.</doc>
<status status="PASS" starttime="20220113 23:26:21.260" endtime="20220113 23:26:21.287"/>
</kw>
<kw name="Alert Text Should Match">
<arg>${AcceptanceText}</arg>
<kw name="Handle Alert" library="SeleniumLibrary">
<var>${message}</var>
<doc>Handles the current alert and returns its message.</doc>
<msg timestamp="20220113 23:26:21.289" level="INFO">HANDLE::&lt;class 'NoneType'&gt;::None</msg>
<msg timestamp="20220113 23:26:21.313" level="INFO">${message} = correct</msg>
<status status="PASS" starttime="20220113 23:26:21.289" endtime="20220113 23:26:21.313"/>
</kw>
<kw name="Should Be Equal As Strings" library="BuiltIn">
<arg>${message}</arg>
<arg>${givenText}</arg>
<doc>Fails if objects are unequal after converting them to strings.</doc>
<status status="PASS" starttime="20220113 23:26:21.313" endtime="20220113 23:26:21.316"/>
</kw>
<status status="PASS" starttime="20220113 23:26:21.288" endtime="20220113 23:26:21.316"/>
</kw>
<status status="PASS" starttime="20220113 23:26:20.507" endtime="20220113 23:26:21.318"/>
</test>
<test id="s1-t5" name="Prompt Should Show Rejection Message">
<kw name="Go To Example Page" library="resource" type="SETUP">
<kw name="Go To" library="SeleniumLibrary">
<arg>${EXAMPLE URL}</arg>
<doc>Navigates the current browser window to the provided ``url``.</doc>
<msg timestamp="20220113 23:26:21.324" level="INFO">Opening url 'http://localhost:5000/example'</msg>
<status status="PASS" starttime="20220113 23:26:21.323" endtime="20220113 23:26:21.937"/>
</kw>
<status status="PASS" starttime="20220113 23:26:21.322" endtime="20220113 23:26:21.937"/>
</kw>
<kw name="Click Button" library="SeleniumLibrary">
<arg>showPrompt</arg>
<doc>Clicks the button identified by ``locator``.</doc>
<msg timestamp="20220113 23:26:21.938" level="INFO">Clicking button 'showPrompt'.</msg>
<status status="PASS" starttime="20220113 23:26:21.938" endtime="20220113 23:26:22.026"/>
</kw>
<kw name="Input Text Into Alert" library="SeleniumLibrary">
<arg>${nonNumber}</arg>
<arg>action=ACCEPT</arg>
<doc>Types the given ``text`` into an input field in an alert.</doc>
<status status="PASS" starttime="20220113 23:26:22.026" endtime="20220113 23:26:22.053"/>
</kw>
<kw name="Alert Text Should Match">
<arg>${RejectionText}</arg>
<kw name="Handle Alert" library="SeleniumLibrary">
<var>${message}</var>
<doc>Handles the current alert and returns its message.</doc>
<msg timestamp="20220113 23:26:22.056" level="INFO">HANDLE::&lt;class 'NoneType'&gt;::None</msg>
<msg timestamp="20220113 23:26:22.072" level="INFO">${message} = incorrect</msg>
<status status="PASS" starttime="20220113 23:26:22.056" endtime="20220113 23:26:22.072"/>
</kw>
<kw name="Should Be Equal As Strings" library="BuiltIn">
<arg>${message}</arg>
<arg>${givenText}</arg>
<doc>Fails if objects are unequal after converting them to strings.</doc>
<status status="PASS" starttime="20220113 23:26:22.073" endtime="20220113 23:26:22.074"/>
</kw>
<status status="PASS" starttime="20220113 23:26:22.055" endtime="20220113 23:26:22.074"/>
</kw>
<status status="PASS" starttime="20220113 23:26:21.321" endtime="20220113 23:26:22.075"/>
</test>
<test id="s1-t6" name="Checkbox Should Be Disabled">
<kw name="Go To Example Page" library="resource" type="SETUP">
<kw name="Go To" library="SeleniumLibrary">
<arg>${EXAMPLE URL}</arg>
<doc>Navigates the current browser window to the provided ``url``.</doc>
<msg timestamp="20220113 23:26:22.086" level="INFO">Opening url 'http://localhost:5000/example'</msg>
<status status="PASS" starttime="20220113 23:26:22.085" endtime="20220113 23:26:22.683"/>
</kw>
<status status="PASS" starttime="20220113 23:26:22.084" endtime="20220113 23:26:22.684"/>
</kw>
<kw name="Element Should Be Disabled" library="SeleniumLibrary">
<arg>disabledCheckbox</arg>
<doc>Verifies that element identified by ``locator`` is disabled.</doc>
<status status="PASS" starttime="20220113 23:26:22.685" endtime="20220113 23:26:22.721"/>
</kw>
<status status="PASS" starttime="20220113 23:26:22.082" endtime="20220113 23:26:22.722"/>
</test>
<test id="s1-t7" name="Checkbox Should Be Selected On Start">
<kw name="Go To Example Page" library="resource" type="SETUP">
<kw name="Go To" library="SeleniumLibrary">
<arg>${EXAMPLE URL}</arg>
<doc>Navigates the current browser window to the provided ``url``.</doc>
<msg timestamp="20220113 23:26:22.726" level="INFO">Opening url 'http://localhost:5000/example'</msg>
<status status="PASS" starttime="20220113 23:26:22.725" endtime="20220113 23:26:23.314"/>
</kw>
<status status="PASS" starttime="20220113 23:26:22.725" endtime="20220113 23:26:23.314"/>
</kw>
<kw name="Checkbox Should Be Selected" library="SeleniumLibrary">
<arg>checkbox</arg>
<doc>Verifies checkbox ``locator`` is selected/checked.</doc>
<msg timestamp="20220113 23:26:23.319" level="INFO">Verifying checkbox 'checkbox' is selected.</msg>
<status status="PASS" starttime="20220113 23:26:23.318" endtime="20220113 23:26:23.365"/>
</kw>
<status status="PASS" starttime="20220113 23:26:22.724" endtime="20220113 23:26:23.366"/>
</test>
<kw name="Close Browser" library="SeleniumLibrary" type="TEARDOWN">
<doc>Closes the current browser.</doc>
<status status="PASS" starttime="20220113 23:26:23.369" endtime="20220113 23:26:26.253"/>
</kw>
<doc>A test suite containing examples of robot interacting with UI elements.</doc>
<status status="PASS" starttime="20220113 23:26:05.585" endtime="20220113 23:26:26.253"/>
</suite>
<statistics>
<total>
<stat pass="7" fail="0" skip="0">All Tests</stat>
</total>
<tag>
</tag>
<suite>
<stat pass="7" fail="0" skip="0" id="s1" name="Example">Example</stat>
</suite>
</statistics>
<errors>
</errors>
</robot>
